<?xml version="1.0" encoding="UTF-8"?>
<robot generator="Robot 3.1.2 (Python 3.7.1 on win32)" generated="20191030 16:03:20.015" rpa="false">
<suite id="s1" name="Testsuite1" source="C:\Users\Va185060\eclipse-workspace\RED\Test\Testsuite1.robot">
<test id="s1-t1" name="MyFirstTest">
<kw name="Log" library="BuiltIn">
<doc>Logs the given message with the given level.</doc>
<arguments>
<arg>Hello World....</arg>
</arguments>
<msg timestamp="20191030 16:03:20.341" level="INFO">Hello World....</msg>
<status status="PASS" starttime="20191030 16:03:20.341" endtime="20191030 16:03:20.341"></status>
</kw>
<tags>
<tag>sanity</tag>
</tags>
<status status="PASS" starttime="20191030 16:03:20.340" endtime="20191030 16:03:20.341" critical="yes"></status>
</test>
<test id="s1-t2" name="SeleniumTest">
<kw name="browserOpen">
<kw name="Open Browser" library="SeleniumLibrary">
<doc>Opens a new browser instance to the given ``url``.</doc>
<arguments>
<arg>${URL}</arg>
<arg>${browser}</arg>
</arguments>
<msg timestamp="20191030 16:03:20.343" level="INFO">Opening browser 'chrome' to base url 'https://google.com'.</msg>
<status status="PASS" starttime="20191030 16:03:20.343" endtime="20191030 16:03:28.223"></status>
</kw>
<status status="PASS" starttime="20191030 16:03:20.342" endtime="20191030 16:03:28.223"></status>
</kw>
<kw name="Input Text" library="SeleniumLibrary">
<doc>Types the given ``text`` into text field identified by ``locator``.</doc>
<arguments>
<arg>name=q</arg>
<arg>Sagar</arg>
</arguments>
<msg timestamp="20191030 16:03:28.225" level="INFO">Typing text 'Sagar' into text field 'name=q'.</msg>
<status status="PASS" starttime="20191030 16:03:28.224" endtime="20191030 16:03:28.309"></status>
</kw>
<kw name="Sleep" library="BuiltIn">
<doc>Pauses the test executed for the given time.</doc>
<arguments>
<arg>2</arg>
</arguments>
<msg timestamp="20191030 16:03:30.311" level="INFO">Slept 2 seconds</msg>
<status status="PASS" starttime="20191030 16:03:28.310" endtime="20191030 16:03:30.311"></status>
</kw>
<kw name="Close Browser" library="SeleniumLibrary">
<doc>Closes the current browser.</doc>
<status status="PASS" starttime="20191030 16:03:30.312" endtime="20191030 16:03:32.665"></status>
</kw>
<tags>
<tag>regression</tag>
</tags>
<status status="PASS" starttime="20191030 16:03:20.342" endtime="20191030 16:03:32.665" critical="yes"></status>
</test>
<status status="PASS" starttime="20191030 16:03:20.018" endtime="20191030 16:03:32.666"></status>
</suite>
<statistics>
<total>
<stat pass="2" fail="0">Critical Tests</stat>
<stat pass="2" fail="0">All Tests</stat>
</total>
<tag>
<stat pass="1" fail="0">regression</stat>
<stat pass="1" fail="0">sanity</stat>
</tag>
<suite>
<stat pass="2" fail="0" id="s1" name="Testsuite1">Testsuite1</stat>
</suite>
</statistics>
<errors>
<msg timestamp="20191030 16:03:20.008" level="WARN">Collapsing consecutive whitespace during parsing is deprecated. Fix ' *** Variable ***' in file 'C:\Users\Va185060\eclipse-workspace\RED\Test\Testsuite1.robot' on line 30.</msg>
</errors>
</robot>
