<?xml version="1.0" encoding="UTF-8"?>
<robot generator="Robot 3.1.2 (Python 3.7.1 on win32)" generated="20191031 12:49:47.787" rpa="false">
<suite id="s1" name="RED" source="C:\Users\Va185060\eclipse-workspace\RED">
<suite id="s1-s1" name="Test" source="C:\Users\Va185060\eclipse-workspace\RED\Test">
<suite id="s1-s1-s1" name="Testsuite1" source="C:\Users\Va185060\eclipse-workspace\RED\Test\Testsuite1.robot">
<test id="s1-s1-s1-t1" name="SeleniumTest">
<kw name="browserOpen" library="Resource">
<arguments>
<arg>${URL}</arg>
<arg>${browser}</arg>
</arguments>
<kw name="Open Browser" library="SeleniumLibrary">
<doc>Opens a new browser instance to the given ``url``.</doc>
<arguments>
<arg>${URL}</arg>
<arg>${browser}</arg>
</arguments>
<msg timestamp="20191031 12:49:48.085" level="INFO">Opening browser 'chrome' to base url 'https://google.com'.</msg>
<status status="PASS" starttime="20191031 12:49:48.084" endtime="20191031 12:49:55.132"></status>
</kw>
<status status="PASS" starttime="20191031 12:49:48.084" endtime="20191031 12:49:55.133"></status>
</kw>
<kw name="Input Text" library="SeleniumLibrary">
<doc>Types the given ``text`` into text field identified by ``locator``.</doc>
<arguments>
<arg>${Tx_User}</arg>
<arg>Sagar</arg>
</arguments>
<msg timestamp="20191031 12:49:55.135" level="INFO">Typing text 'Sagar' into text field 'name=q'.</msg>
<status status="PASS" starttime="20191031 12:49:55.134" endtime="20191031 12:49:55.262"></status>
</kw>
<kw name="Sleep" library="BuiltIn">
<doc>Pauses the test executed for the given time.</doc>
<arguments>
<arg>2</arg>
</arguments>
<msg timestamp="20191031 12:49:57.264" level="INFO">Slept 2 seconds</msg>
<status status="PASS" starttime="20191031 12:49:55.262" endtime="20191031 12:49:57.264"></status>
</kw>
<kw name="FullScreenshot" library="Resource">
<kw name="Capture Page Screenshot" library="SeleniumLibrary">
<doc>Takes screenshot of the current page and embeds it into log file.</doc>
<arguments>
<arg>Google.png</arg>
</arguments>
<msg timestamp="20191031 12:49:57.543" level="INFO" html="yes">&lt;/td&gt;&lt;/tr&gt;&lt;tr&gt;&lt;td colspan="3"&gt;&lt;a href="Google.png"&gt;&lt;img src="Google.png" width="800px"&gt;&lt;/a&gt;</msg>
<status status="PASS" starttime="20191031 12:49:57.265" endtime="20191031 12:49:57.544"></status>
</kw>
<status status="PASS" starttime="20191031 12:49:57.264" endtime="20191031 12:49:57.544"></status>
</kw>
<kw name="VerifyTitlePage" library="Resource">
<kw name="Title Should Be" library="SeleniumLibrary">
<doc>Verifies that current page title equals ``title``.</doc>
<arguments>
<arg>Google</arg>
</arguments>
<msg timestamp="20191031 12:49:57.550" level="INFO">Page title is 'Google'.</msg>
<status status="PASS" starttime="20191031 12:49:57.545" endtime="20191031 12:49:57.551"></status>
</kw>
<status status="PASS" starttime="20191031 12:49:57.544" endtime="20191031 12:49:57.551"></status>
</kw>
<kw name="browserclosing" library="Resource">
<kw name="Close Browser" library="SeleniumLibrary">
<doc>Closes the current browser.</doc>
<status status="PASS" starttime="20191031 12:49:57.552" endtime="20191031 12:49:59.883"></status>
</kw>
<status status="PASS" starttime="20191031 12:49:57.551" endtime="20191031 12:49:59.883"></status>
</kw>
<tags>
<tag>regression</tag>
</tags>
<status status="PASS" starttime="20191031 12:49:48.084" endtime="20191031 12:49:59.884" critical="yes"></status>
</test>
<status status="PASS" starttime="20191031 12:49:47.866" endtime="20191031 12:49:59.884"></status>
</suite>
<status status="PASS" starttime="20191031 12:49:47.865" endtime="20191031 12:49:59.885"></status>
</suite>
<status status="PASS" starttime="20191031 12:49:47.845" endtime="20191031 12:49:59.886"></status>
</suite>
<statistics>
<total>
<stat pass="1" fail="0">Critical Tests</stat>
<stat pass="1" fail="0">All Tests</stat>
</total>
<tag>
<stat pass="1" fail="0">regression</stat>
</tag>
<suite>
<stat pass="1" fail="0" id="s1" name="RED">RED</stat>
<stat pass="1" fail="0" id="s1-s1" name="Test">RED.Test</stat>
<stat pass="1" fail="0" id="s1-s1-s1" name="Testsuite1">RED.Test.Testsuite1</stat>
</suite>
</statistics>
<errors>
<msg timestamp="20191031 12:49:47.780" level="WARN">Collapsing consecutive whitespace during parsing is deprecated. Fix ' *** Variable ***' in file 'C:\Users\Va185060\eclipse-workspace\RED\Test\Testsuite1.robot' on line 33.</msg>
</errors>
</robot>
